<?xml version="1.0" encoding="UTF-8"?>
<testsuite xmlns:xsi="http://www.w3.org/2001/XMLSchema-instance" xsi:noNamespaceSchemaLocation="https://maven.apache.org/surefire/maven-surefire-plugin/xsd/surefire-test-report-3.0.xsd" version="3.0" name="persistencia.ControladorPersistenciaTest" time="0.682" tests="8" errors="0" skipped="0" failures="0">
  <properties>
[...]
</properties>
  <testcase name="testEncontrarCarrito" classname="persistencia.ControladorPersistenciaTest" time="0.627">
    <system-out><![CDATA[Carrito encontrado para el usuario Nº1
]]></system-out>
  </testcase>
  <testcase name="testCrearUsuario" classname="persistencia.ControladorPersistenciaTest" time="0.005">
    <system-out><![CDATA[Usuario registrado con éxito.
]]></system-out>
  </testcase>
  <testcase name="testObtenerVideojuegos" classname="persistencia.ControladorPersistenciaTest" time="0.008"/>
  <testcase name="testObtenerConsolas" classname="persistencia.ControladorPersistenciaTest" time="0.007"/>
  <testcase name="testBuscarArticulosEnCarrito" classname="persistencia.ControladorPersistenciaTest" time="0.003"/>
  <testcase name="testVerificarPassword" classname="persistencia.ControladorPersistenciaTest" time="0.002">
    <system-out><![CDATA[Inicio de sesión exitoso.
]]></system-out>
  </testcase>
  <testcase name="testAgregarArticulo" classname="persistencia.ControladorPersistenciaTest" time="0.006">
    <system-out><![CDATA[Artículo Nº1 agregado con éxito al carrito Nº1
]]></system-out>
  </testcase>
  <testcase name="testBuscarUsuario" classname="persistencia.ControladorPersistenciaTest" time="0.003"/>
</testsuite>