<?xml version="1.0" encoding="UTF-8"?>
<testsuite xmlns:xsi="http://www.w3.org/2001/XMLSchema-instance" xsi:noNamespaceSchemaLocation="https://maven.apache.org/surefire/maven-surefire-plugin/xsd/surefire-test-report-3.0.xsd" version="3.0" name="persistencia.ControladorPersistenciaTest" time="0.514" tests="2" errors="0" skipped="0" failures="0">
  <properties>
[...]
</properties>
  <testcase name="testCrearUsuario" classname="persistencia.ControladorPersistenciaTest" time="0.447">
    <system-out><![CDATA[Usuario registrado con éxito.
]]></system-out>
  </testcase>
  <testcase name="testBuscarUsuario" classname="persistencia.ControladorPersistenciaTest" time="0.056"/>
</testsuite>